<?xml version="1.0" encoding="UTF-8"?>
<testsuite name="com.cx.framework2.ExampleUnitTest" tests="1" skipped="0" failures="0" errors="0" timestamp="2020-10-26T02:09:33" hostname="тий" time="0.001">
  <properties/>
  <testcase name="addition_isCorrect" classname="com.cx.framework2.ExampleUnitTest" time="0.001"/>
  <system-out><![CDATA[]]></system-out>
  <system-err><![CDATA[]]></system-err>
</testsuite>
